android/reference/Sensor-Graph/accelerometer/build/outputs/logs/manifest-merger-debug-report.txt
-- Merging decision tree log ---
manifest
ADDED from src\main\AndroidManifest.xml:21:1-39:12
	xmlns:android
		ADDED from src\main\AndroidManifest.xml:21:11-69
	package
		ADDED from src\main\AndroidManifest.xml:22:5-45
		INJECTED from src\main\AndroidManifest.xml
		INJECTED from src\main\AndroidManifest.xml
uses-feature#0x00020000
ADDED from src\main\AndroidManifest.xml:23:3-75
	android:required
		ADDED from src\main\AndroidManifest.xml:23:50-73
	android:glEsVersion
		ADDED from src\main\AndroidManifest.xml:23:17-49
application
ADDED from src\main\AndroidManifest.xml:24:5-38:19
	android:label
		ADDED from src\main\AndroidManifest.xml:28:9-60
	android:allowBackup
		ADDED from src\main\AndroidManifest.xml:25:9-36
	android:icon
		ADDED from src\main\AndroidManifest.xml:27:9-43
	android:fullBackupContent
		ADDED from src\main\AndroidManifest.xml:26:9-42
activity#com.android.accelerometergraph.AccelerometerGraphActivity
ADDED from src\main\AndroidManifest.xml:29:7-37:18
	android:configChanges
		ADDED from src\main\AndroidManifest.xml:32:17-67
	android:theme
		ADDED from src\main\AndroidManifest.xml:30:17-75
	android:name
		ADDED from src\main\AndroidManifest.xml:29:17-59
	android:launchMode
		ADDED from src\main\AndroidManifest.xml:31:17-48
intent-filter#android.intent.action.MAIN+android.intent.category.LAUNCHER
ADDED from src\main\AndroidManifest.xml:33:9-36:25
action#android.intent.action.MAIN
ADDED from src\main\AndroidManifest.xml:34:11-63
	android:name
		ADDED from src\main\AndroidManifest.xml:34:19-60
category#android.intent.category.LAUNCHER
ADDED from src\main\AndroidManifest.xml:35:11-71
	android:name
		ADDED from src\main\AndroidManifest.xml:35:21-68
uses-sdk
INJECTED from src\main\AndroidManifest.xml reason: use-sdk injection requested
	android:targetSdkVersion
		INJECTED from src\main\AndroidManifest.xml
		INJECTED from src\main\AndroidManifest.xml
	android:minSdkVersion
		INJECTED from src\main\AndroidManifest.xml
		INJECTED from src\main\AndroidManifest.xml